2016/01/03 16:32:23 prologic (28602)> addremove
2016/01/03 16:32:23 prologic (28602)> addremove exited 0 after 0.06 seconds
2016/01/03 16:32:24 prologic (28610)> st
2016/01/03 16:32:24 prologic (28610)> st exited 0 after 0.06 seconds
2016/01/03 16:32:40 prologic (28623)> ci -m 'Initial Commit'
2016/01/03 16:32:41 prologic (28623)> updated served branch cache in 0.0002 seconds
2016/01/03 16:32:41 prologic (28623)> wrote served branch cache with 1 labels and 1 nodes
2016/01/03 16:32:41 prologic (28623)> ci -m 'Initial Commit' exited 0 after 0.12 seconds
2016/01/03 19:24:39 prologic (35004)> diff --nodates -U0 -- /Users/prologic/tmp/sahriswiki/wiki/FrontPage
2016/01/03 19:24:39 prologic (35004)> diff --config extensions.color=! --config defaults.diff= --nodates -U0 -- /Users/prologic/tmp/sahriswiki/wiki/FrontPage exited 0 after 0.07 seconds
2016/01/03 19:26:49 prologic (35034)> diff --nodates -U0 -- /Users/prologic/tmp/sahriswiki/wiki/FrontPage
2016/01/03 19:26:49 prologic (35034)> diff --config extensions.color=! --config defaults.diff= --nodates -U0 -- /Users/prologic/tmp/sahriswiki/wiki/FrontPage exited 0 after 0.07 seconds
2016/01/03 19:27:02 prologic (35088)> st .
2016/01/03 19:27:02 prologic (35088)> st . exited 0 after 0.08 seconds
2016/01/03 19:27:05 prologic (35112)> diff
2016/01/03 19:27:05 prologic (35112)> diff exited 0 after 0.07 seconds
2016/01/03 19:27:16 prologic (35149)> diff --nodates -U0 -- /Users/prologic/tmp/sahriswiki/wiki/FrontPage
2016/01/03 19:27:16 prologic (35149)> diff --config extensions.color=! --config defaults.diff= --nodates -U0 -- /Users/prologic/tmp/sahriswiki/wiki/FrontPage exited 0 after 0.06 seconds
2016/01/03 19:29:17 prologic (35177)> diff --nodates -U0 -- /Users/prologic/tmp/sahriswiki/wiki/FrontPage
2016/01/03 19:29:17 prologic (35177)> diff --config extensions.color=! --config defaults.diff= --nodates -U0 -- /Users/prologic/tmp/sahriswiki/wiki/FrontPage exited 0 after 0.07 seconds
2016/01/03 19:29:19 prologic (35200)> st
2016/01/03 19:29:19 prologic (35200)> st exited 0 after 0.07 seconds
2016/01/03 19:29:27 prologic (35225)> ci -m 'Added a Quick Start for Docker'
2016/01/03 19:29:27 prologic (35225)> updated served branch cache in 0.0002 seconds
2016/01/03 19:29:27 prologic (35225)> wrote served branch cache with 1 labels and 1 nodes
2016/01/03 19:29:27 prologic (35225)> updated served branch cache in 0.0009 seconds
2016/01/03 19:29:27 prologic (35225)> wrote served branch cache with 1 labels and 1 nodes
2016/01/03 19:29:27 prologic (35225)> ci -m 'Added a Quick Start for Docker' exited 0 after 0.10 seconds
